2022-10-29 13:16:09.407  INFO 20708 --- [main] com.kali.app.AppApplicationTests         : Starting AppApplicationTests using Java 11.0.2 on LAPTOP-ALINA with PID 20708 (started by kilia in C:\Users\kilia\OneDrive\desktop\spring_boot\gcp_playground\app)
2022-10-29 13:16:09.410  INFO 20708 --- [main] com.kali.app.AppApplicationTests         : The following profiles are active: local
2022-10-29 13:16:10.686  INFO 20708 --- [main] .s.d.r.c.RepositoryConfigurationDelegate : Bootstrapping Spring Data Reactive MongoDB repositories in DEFAULT mode.
2022-10-29 13:16:11.065  INFO 20708 --- [main] .s.d.r.c.RepositoryConfigurationDelegate : Finished Spring Data repository scanning in 372 ms. Found 0 Reactive MongoDB repository interfaces.
2022-10-29 13:16:11.112  INFO 20708 --- [main] .s.d.r.c.RepositoryConfigurationDelegate : Bootstrapping Spring Data MongoDB repositories in DEFAULT mode.
2022-10-29 13:16:11.163  INFO 20708 --- [main] .s.d.r.c.RepositoryConfigurationDelegate : Finished Spring Data repository scanning in 49 ms. Found 2 MongoDB repository interfaces.
2022-10-29 13:16:11.705  INFO 20708 --- [main] ptablePropertiesBeanFactoryPostProcessor : Post-processing PropertySource instances
2022-10-29 13:16:11.854  INFO 20708 --- [main] c.u.j.EncryptablePropertySourceConverter : Converting PropertySource configurationProperties [org.springframework.boot.context.properties.source.ConfigurationPropertySourcesPropertySource] to AOP Proxy
2022-10-29 13:16:11.857  INFO 20708 --- [main] c.u.j.EncryptablePropertySourceConverter : Converting PropertySource test [org.springframework.core.env.MapPropertySource] to EncryptableMapPropertySourceWrapper
2022-10-29 13:16:11.857  INFO 20708 --- [main] c.u.j.EncryptablePropertySourceConverter : Converting PropertySource Inlined Test Properties [org.springframework.core.env.MapPropertySource] to EncryptableMapPropertySourceWrapper
2022-10-29 13:16:11.858  INFO 20708 --- [main] c.u.j.EncryptablePropertySourceConverter : Converting PropertySource systemProperties [org.springframework.core.env.PropertiesPropertySource] to EncryptableMapPropertySourceWrapper
2022-10-29 13:16:11.858  INFO 20708 --- [main] c.u.j.EncryptablePropertySourceConverter : Converting PropertySource systemEnvironment [org.springframework.boot.env.SystemEnvironmentPropertySourceEnvironmentPostProcessor$OriginAwareSystemEnvironmentPropertySource] to EncryptableSystemEnvironmentPropertySourceWrapper
2022-10-29 13:16:11.859  INFO 20708 --- [main] c.u.j.EncryptablePropertySourceConverter : Converting PropertySource random [org.springframework.boot.env.RandomValuePropertySource] to EncryptablePropertySourceWrapper
2022-10-29 13:16:11.859  INFO 20708 --- [main] c.u.j.EncryptablePropertySourceConverter : Converting PropertySource Config resource 'class path resource [application.yml]' via location 'optional:classpath:/' (document #1) [org.springframework.boot.env.OriginTrackedMapPropertySource] to EncryptableMapPropertySourceWrapper
2022-10-29 13:16:11.859  INFO 20708 --- [main] c.u.j.EncryptablePropertySourceConverter : Converting PropertySource Config resource 'class path resource [application.yml]' via location 'optional:classpath:/' (document #0) [org.springframework.boot.env.OriginTrackedMapPropertySource] to EncryptableMapPropertySourceWrapper
2022-10-29 13:16:11.921  INFO 20708 --- [main] c.u.j.filter.DefaultLazyPropertyFilter   : Property Filter custom Bean not found with name 'encryptablePropertyFilter'. Initializing Default Property Filter
2022-10-29 13:16:12.127  INFO 20708 --- [main] c.u.j.r.DefaultLazyPropertyResolver      : Property Resolver custom Bean not found with name 'encryptablePropertyResolver'. Initializing Default Property Resolver
2022-10-29 13:16:12.135  INFO 20708 --- [main] c.u.j.d.DefaultLazyPropertyDetector      : Property Detector custom Bean not found with name 'encryptablePropertyDetector'. Initializing Default Property Detector
2022-10-29 13:16:13.505  INFO 20708 --- [main] org.mongodb.driver.cluster               : Cluster created with settings {hosts=[localhost:27017], mode=SINGLE, requiredClusterType=UNKNOWN, serverSelectionTimeout='30000 ms'}
2022-10-29 13:16:13.691  INFO 20708 --- [cluster-rtt-ClusterId{value='635d0b7dca7a0a6c803e4c64', description='null'}-localhost:27017] org.mongodb.driver.connection            : Opened connection [connectionId{localValue:1, serverValue:2}] to localhost:27017
2022-10-29 13:16:13.691  INFO 20708 --- [cluster-ClusterId{value='635d0b7dca7a0a6c803e4c64', description='null'}-localhost:27017] org.mongodb.driver.connection            : Opened connection [connectionId{localValue:2, serverValue:1}] to localhost:27017
2022-10-29 13:16:13.695  INFO 20708 --- [cluster-ClusterId{value='635d0b7dca7a0a6c803e4c64', description='null'}-localhost:27017] org.mongodb.driver.cluster               : Monitor thread successfully connected to server with description ServerDescription{address=localhost:27017, type=STANDALONE, state=CONNECTED, ok=true, minWireVersion=0, maxWireVersion=13, maxDocumentSize=16777216, logicalSessionTimeoutMinutes=30, roundTripTimeNanos=40930900}
2022-10-29 13:16:16.212  INFO 20708 --- [main] org.mongodb.driver.cluster               : Cluster created with settings {hosts=[localhost:27017], mode=SINGLE, requiredClusterType=UNKNOWN, serverSelectionTimeout='30000 ms'}
2022-10-29 13:16:16.331  INFO 20708 --- [cluster-ClusterId{value='635d0b80ca7a0a6c803e4c65', description='null'}-localhost:27017] org.mongodb.driver.connection            : Opened connection [connectionId{localValue:3, serverValue:4}] to localhost:27017
2022-10-29 13:16:16.331  INFO 20708 --- [cluster-rtt-ClusterId{value='635d0b80ca7a0a6c803e4c65', description='null'}-localhost:27017] org.mongodb.driver.connection            : Opened connection [connectionId{localValue:4, serverValue:3}] to localhost:27017
2022-10-29 13:16:16.332  INFO 20708 --- [cluster-ClusterId{value='635d0b80ca7a0a6c803e4c65', description='null'}-localhost:27017] org.mongodb.driver.cluster               : Monitor thread successfully connected to server with description ServerDescription{address=localhost:27017, type=STANDALONE, state=CONNECTED, ok=true, minWireVersion=0, maxWireVersion=13, maxDocumentSize=16777216, logicalSessionTimeoutMinutes=30, roundTripTimeNanos=12088800}
2022-10-29 13:16:16.820  INFO 20708 --- [main] com.kali.app.AppApplicationTests         : Started AppApplicationTests in 8.128 seconds (JVM running for 10.674)
2022-10-29 13:16:17.729  INFO 20708 --- [main] .b.t.c.SpringBootTestContextBootstrapper : Neither @ContextConfiguration nor @ContextHierarchy found for test class [com.kali.app.ToDoTest], using SpringBootContextLoader
2022-10-29 13:16:17.731  INFO 20708 --- [main] o.s.t.c.support.AbstractContextLoader    : Could not detect default resource locations for test class [com.kali.app.ToDoTest]: no resource found for suffixes {-context.xml, Context.groovy}.
2022-10-29 13:16:17.731  INFO 20708 --- [main] t.c.s.AnnotationConfigContextLoaderUtils : Could not detect default configuration classes for test class [com.kali.app.ToDoTest]: ToDoTest does not declare any static, non-private, non-final, nested classes annotated with @Configuration.
2022-10-29 13:16:17.743  INFO 20708 --- [main] .b.t.c.SpringBootTestContextBootstrapper : Found @SpringBootConfiguration com.kali.app.AppApplication for test class com.kali.app.ToDoTest
2022-10-29 13:16:17.748  INFO 20708 --- [main] .b.t.c.SpringBootTestContextBootstrapper : Loaded default TestExecutionListener class names from location [META-INF/spring.factories]: [org.springframework.boot.test.mock.mockito.MockitoTestExecutionListener, org.springframework.boot.test.mock.mockito.ResetMocksTestExecutionListener, org.springframework.boot.test.autoconfigure.restdocs.RestDocsTestExecutionListener, org.springframework.boot.test.autoconfigure.web.client.MockRestServiceServerResetTestExecutionListener, org.springframework.boot.test.autoconfigure.web.servlet.MockMvcPrintOnlyOnFailureTestExecutionListener, org.springframework.boot.test.autoconfigure.web.servlet.WebDriverTestExecutionListener, org.springframework.boot.test.autoconfigure.webservices.client.MockWebServiceServerTestExecutionListener, org.springframework.test.context.web.ServletTestExecutionListener, org.springframework.test.context.support.DirtiesContextBeforeModesTestExecutionListener, org.springframework.test.context.event.ApplicationEventsTestExecutionListener, org.springframework.test.context.support.DependencyInjectionTestExecutionListener, org.springframework.test.context.support.DirtiesContextTestExecutionListener, org.springframework.test.context.transaction.TransactionalTestExecutionListener, org.springframework.test.context.jdbc.SqlScriptsTestExecutionListener, org.springframework.test.context.event.EventPublishingTestExecutionListener, org.springframework.security.test.context.support.WithSecurityContextTestExecutionListener, org.springframework.security.test.context.support.ReactorContextTestExecutionListener]
2022-10-29 13:16:17.749  INFO 20708 --- [main] .b.t.c.SpringBootTestContextBootstrapper : Using TestExecutionListeners: [org.springframework.test.context.web.ServletTestExecutionListener@73d8c8d7, org.springframework.test.context.support.DirtiesContextBeforeModesTestExecutionListener@361b3ca6, org.springframework.test.context.event.ApplicationEventsTestExecutionListener@48333b12, org.springframework.boot.test.mock.mockito.MockitoTestExecutionListener@575c23f1, org.springframework.boot.test.autoconfigure.SpringBootDependencyInjectionTestExecutionListener@62f7d7bd, org.springframework.test.context.support.DirtiesContextTestExecutionListener@de63949, org.springframework.test.context.transaction.TransactionalTestExecutionListener@5c5c784c, org.springframework.test.context.jdbc.SqlScriptsTestExecutionListener@6a299b9d, org.springframework.test.context.event.EventPublishingTestExecutionListener@363fe35a, org.springframework.security.test.context.support.WithSecurityContextTestExecutionListener@a2fb8a5, org.springframework.security.test.context.support.ReactorContextTestExecutionListener@350e3fb4, org.springframework.boot.test.mock.mockito.ResetMocksTestExecutionListener@13ddaffb, org.springframework.boot.test.autoconfigure.restdocs.RestDocsTestExecutionListener@5a31abe9, org.springframework.boot.test.autoconfigure.web.client.MockRestServiceServerResetTestExecutionListener@2dacda9a, org.springframework.boot.test.autoconfigure.web.servlet.MockMvcPrintOnlyOnFailureTestExecutionListener@699bb304, org.springframework.boot.test.autoconfigure.web.servlet.WebDriverTestExecutionListener@17477bbb, org.springframework.boot.test.autoconfigure.webservices.client.MockWebServiceServerTestExecutionListener@40fee459]
2022-10-29 13:16:17.876  INFO 20708 --- [main] com.kali.app.ToDoTest                    : Starting ToDoTest using Java 11.0.2 on LAPTOP-ALINA with PID 20708 (started by kilia in C:\Users\kilia\OneDrive\desktop\spring_boot\gcp_playground\app)
2022-10-29 13:16:17.876  INFO 20708 --- [main] com.kali.app.ToDoTest                    : The following profiles are active: local
2022-10-29 13:16:18.159  INFO 20708 --- [main] .s.d.r.c.RepositoryConfigurationDelegate : Bootstrapping Spring Data Reactive MongoDB repositories in DEFAULT mode.
2022-10-29 13:16:18.177  INFO 20708 --- [main] .s.d.r.c.RepositoryConfigurationDelegate : Finished Spring Data repository scanning in 17 ms. Found 0 Reactive MongoDB repository interfaces.
2022-10-29 13:16:18.180  INFO 20708 --- [main] .s.d.r.c.RepositoryConfigurationDelegate : Bootstrapping Spring Data MongoDB repositories in DEFAULT mode.
2022-10-29 13:16:18.206  INFO 20708 --- [main] .s.d.r.c.RepositoryConfigurationDelegate : Finished Spring Data repository scanning in 24 ms. Found 2 MongoDB repository interfaces.
2022-10-29 13:16:18.640  INFO 20708 --- [main] ptablePropertiesBeanFactoryPostProcessor : Post-processing PropertySource instances
2022-10-29 13:16:18.653  INFO 20708 --- [main] c.u.j.EncryptablePropertySourceConverter : Converting PropertySource configurationProperties [org.springframework.boot.context.properties.source.ConfigurationPropertySourcesPropertySource] to AOP Proxy
2022-10-29 13:16:18.653  INFO 20708 --- [main] c.u.j.EncryptablePropertySourceConverter : Converting PropertySource test [org.springframework.core.env.MapPropertySource] to EncryptableMapPropertySourceWrapper
2022-10-29 13:16:18.653  INFO 20708 --- [main] c.u.j.EncryptablePropertySourceConverter : Converting PropertySource Inlined Test Properties [org.springframework.core.env.MapPropertySource] to EncryptableMapPropertySourceWrapper
2022-10-29 13:16:18.654  INFO 20708 --- [main] c.u.j.EncryptablePropertySourceConverter : Converting PropertySource systemProperties [org.springframework.core.env.PropertiesPropertySource] to EncryptableMapPropertySourceWrapper
2022-10-29 13:16:18.654  INFO 20708 --- [main] c.u.j.EncryptablePropertySourceConverter : Converting PropertySource systemEnvironment [org.springframework.boot.env.SystemEnvironmentPropertySourceEnvironmentPostProcessor$OriginAwareSystemEnvironmentPropertySource] to EncryptableSystemEnvironmentPropertySourceWrapper
2022-10-29 13:16:18.654  INFO 20708 --- [main] c.u.j.EncryptablePropertySourceConverter : Converting PropertySource random [org.springframework.boot.env.RandomValuePropertySource] to EncryptablePropertySourceWrapper
2022-10-29 13:16:18.654  INFO 20708 --- [main] c.u.j.EncryptablePropertySourceConverter : Converting PropertySource Config resource 'class path resource [application.yml]' via location 'optional:classpath:/' (document #1) [org.springframework.boot.env.OriginTrackedMapPropertySource] to EncryptableMapPropertySourceWrapper
2022-10-29 13:16:18.655  INFO 20708 --- [main] c.u.j.EncryptablePropertySourceConverter : Converting PropertySource Config resource 'class path resource [application.yml]' via location 'optional:classpath:/' (document #0) [org.springframework.boot.env.OriginTrackedMapPropertySource] to EncryptableMapPropertySourceWrapper
2022-10-29 13:16:18.663  INFO 20708 --- [main] c.u.j.filter.DefaultLazyPropertyFilter   : Property Filter custom Bean not found with name 'encryptablePropertyFilter'. Initializing Default Property Filter
2022-10-29 13:16:19.127  INFO 20708 --- [main] c.u.j.r.DefaultLazyPropertyResolver      : Property Resolver custom Bean not found with name 'encryptablePropertyResolver'. Initializing Default Property Resolver
2022-10-29 13:16:19.128  INFO 20708 --- [main] c.u.j.d.DefaultLazyPropertyDetector      : Property Detector custom Bean not found with name 'encryptablePropertyDetector'. Initializing Default Property Detector
2022-10-29 13:16:19.694  INFO 20708 --- [main] org.mongodb.driver.cluster               : Cluster created with settings {hosts=[localhost:27017], mode=SINGLE, requiredClusterType=UNKNOWN, serverSelectionTimeout='30000 ms'}
2022-10-29 13:16:19.703  INFO 20708 --- [cluster-ClusterId{value='635d0b83ca7a0a6c803e4c66', description='null'}-localhost:27017] org.mongodb.driver.connection            : Opened connection [connectionId{localValue:5, serverValue:5}] to localhost:27017
2022-10-29 13:16:19.704  INFO 20708 --- [cluster-rtt-ClusterId{value='635d0b83ca7a0a6c803e4c66', description='null'}-localhost:27017] org.mongodb.driver.connection            : Opened connection [connectionId{localValue:6, serverValue:6}] to localhost:27017
2022-10-29 13:16:19.704  INFO 20708 --- [cluster-ClusterId{value='635d0b83ca7a0a6c803e4c66', description='null'}-localhost:27017] org.mongodb.driver.cluster               : Monitor thread successfully connected to server with description ServerDescription{address=localhost:27017, type=STANDALONE, state=CONNECTED, ok=true, minWireVersion=0, maxWireVersion=13, maxDocumentSize=16777216, logicalSessionTimeoutMinutes=30, roundTripTimeNanos=2821700}
2022-10-29 13:16:19.772  INFO 20708 --- [main] org.mongodb.driver.cluster               : Cluster created with settings {hosts=[localhost:27017], mode=SINGLE, requiredClusterType=UNKNOWN, serverSelectionTimeout='30000 ms'}
2022-10-29 13:16:19.782  INFO 20708 --- [cluster-ClusterId{value='635d0b83ca7a0a6c803e4c67', description='null'}-localhost:27017] org.mongodb.driver.connection            : Opened connection [connectionId{localValue:7, serverValue:7}] to localhost:27017
2022-10-29 13:16:19.783  INFO 20708 --- [cluster-ClusterId{value='635d0b83ca7a0a6c803e4c67', description='null'}-localhost:27017] org.mongodb.driver.cluster               : Monitor thread successfully connected to server with description ServerDescription{address=localhost:27017, type=STANDALONE, state=CONNECTED, ok=true, minWireVersion=0, maxWireVersion=13, maxDocumentSize=16777216, logicalSessionTimeoutMinutes=30, roundTripTimeNanos=3053900}
2022-10-29 13:16:19.784  INFO 20708 --- [cluster-rtt-ClusterId{value='635d0b83ca7a0a6c803e4c67', description='null'}-localhost:27017] org.mongodb.driver.connection            : Opened connection [connectionId{localValue:8, serverValue:8}] to localhost:27017
2022-10-29 13:16:20.074  INFO 20708 --- [main] com.kali.app.ToDoTest                    : Started ToDoTest in 2.319 seconds (JVM running for 13.928)
2022-10-29 13:16:20.132  INFO 20708 --- [main] c.k.a.BusinessLayer.ToDoListServiceImpl  : Searching for Todos with state open
2022-10-29 13:16:20.192 DEBUG 20708 --- [main] c.k.app.BusinessLayer.AlinaServiceImpl   : Saving Data
